<?xml version="1.0" encoding="UTF-8"?>
<testsuite xmlns:xsi="http://www.w3.org/2001/XMLSchema-instance" xsi:noNamespaceSchemaLocation="https://maven.apache.org/surefire/maven-surefire-plugin/xsd/surefire-test-report-3.0.xsd" version="3.0" name="ar.edu.unlp.oo1.ejercicio1.WallPostTest" time="0.05" tests="7" errors="0" skipped="0" failures="0">
  <properties>
[...]
</properties>
  <testcase name="testCreation" classname="ar.edu.unlp.oo1.ejercicio1.WallPostTest" time="0.025"/>
  <testcase name="testLike" classname="ar.edu.unlp.oo1.ejercicio1.WallPostTest" time="0.001"/>
  <testcase name="testText" classname="ar.edu.unlp.oo1.ejercicio1.WallPostTest" time="0.001"/>
  <testcase name="testToggleFeatured" classname="ar.edu.unlp.oo1.ejercicio1.WallPostTest" time="0.001"/>
  <testcase name="testFeatured" classname="ar.edu.unlp.oo1.ejercicio1.WallPostTest" time="0.001"/>
  <testcase name="testWallpost" classname="ar.edu.unlp.oo1.ejercicio1.WallPostTest" time="0"/>
  <testcase name="testDislike" classname="ar.edu.unlp.oo1.ejercicio1.WallPostTest" time="0.001"/>
</testsuite>